Compiled application.js  (6ms)  (pid 4460)
Compiled jquery.js  (9ms)  (pid 4460)
Compiled jquery_ujs.js  (0ms)  (pid 4460)
Compiled jquery.ba-hashchange.min.js  (0ms)  (pid 4460)
Compiled jquery-ui.custom.min.js  (0ms)  (pid 4460)
Compiled scribd.js  (2ms)  (pid 4460)
Compiled application.css  (12ms)  (pid 4460)
Compiled formtastic.css  (34ms)  (pid 4460)
Compiled assignments.css  (59ms)  (pid 4460)
Compiled form.css  (4ms)  (pid 4460)
Compiled grades.css  (31ms)  (pid 4460)
Compiled jquery-ui-1.8.16.custom.css  (1ms)  (pid 4460)
Compiled puffer/application.js  (6ms)  (pid 4460)
Compiled puffer/right-src.js  (5ms)  (pid 4460)
Compiled puffer/right-dialog-src.js  (0ms)  (pid 4460)
Compiled puffer/right-slider-src.js  (0ms)  (pid 4460)
Compiled puffer/right-calendar-src.js  (2ms)  (pid 4460)
Compiled puffer/right-autocompleter-src.js  (1ms)  (pid 4460)
Compiled puffer/paginator.js  (1ms)  (pid 4460)
Compiled puffer/rails.js  (0ms)  (pid 4460)
Compiled puffer/puffer.js  (1ms)  (pid 4460)
Compiled puffer/application.css  (5ms)  (pid 4460)
Compiled puffer/reset.css  (1ms)  (pid 4460)
Compiled puffer/right.css  (1ms)  (pid 4460)
Compiled puffer/paginator.css  (0ms)  (pid 4460)
Compiled puffer/puffer.css  (0ms)  (pid 4460)
Compiled puffer/puffer_tree.css  (0ms)  (pid 4460)
Compiled application.js  (6ms)  (pid 6592)
Compiled jquery.js  (9ms)  (pid 6592)
Compiled jquery_ujs.js  (0ms)  (pid 6592)
Compiled jquery.ba-hashchange.min.js  (0ms)  (pid 6592)
Compiled jquery-ui.custom.min.js  (1ms)  (pid 6592)
Compiled scribd.js  (35ms)  (pid 6592)
Compiled application.css  (12ms)  (pid 6592)
Compiled formtastic.css  (0ms)  (pid 6592)
Compiled assignments.css  (62ms)  (pid 6592)
Compiled form.css  (5ms)  (pid 6592)
Compiled grades.css  (32ms)  (pid 6592)
Compiled jquery-ui-1.8.16.custom.css  (1ms)  (pid 6592)
Compiled puffer/application.js  (6ms)  (pid 6592)
Compiled puffer/right-src.js  (6ms)  (pid 6592)
Compiled puffer/right-dialog-src.js  (1ms)  (pid 6592)
Compiled puffer/right-slider-src.js  (0ms)  (pid 6592)
Compiled puffer/right-calendar-src.js  (1ms)  (pid 6592)
Compiled puffer/right-autocompleter-src.js  (0ms)  (pid 6592)
Compiled puffer/paginator.js  (1ms)  (pid 6592)
Compiled puffer/rails.js  (0ms)  (pid 6592)
Compiled puffer/puffer.js  (0ms)  (pid 6592)
Compiled puffer/application.css  (3ms)  (pid 6592)
Compiled puffer/reset.css  (0ms)  (pid 6592)
Compiled puffer/right.css  (0ms)  (pid 6592)
Compiled puffer/paginator.css  (0ms)  (pid 6592)
Compiled puffer/puffer.css  (0ms)  (pid 6592)
Compiled puffer/puffer_tree.css  (1ms)  (pid 6592)
Compiled application.js  (7ms)  (pid 644)
Compiled jquery.js  (10ms)  (pid 644)
Compiled jquery_ujs.js  (1ms)  (pid 644)
Compiled jquery.ba-hashchange.min.js  (0ms)  (pid 644)
Compiled jquery-ui.custom.min.js  (0ms)  (pid 644)
Compiled scribd.js  (2ms)  (pid 644)
Compiled form.js  (0ms)  (pid 644)
Compiled application.css  (9ms)  (pid 644)
Compiled formtastic.css  (29ms)  (pid 644)
Compiled assignments.css  (59ms)  (pid 644)
Compiled form.css  (9ms)  (pid 644)
Compiled grades.css  (30ms)  (pid 644)
Compiled jquery-ui-1.8.16.custom.css  (0ms)  (pid 644)
Compiled puffer/application.js  (50ms)  (pid 644)
Compiled puffer/right-src.js  (0ms)  (pid 644)
Compiled puffer/right-dialog-src.js  (0ms)  (pid 644)
Compiled puffer/right-slider-src.js  (0ms)  (pid 644)
Compiled puffer/right-calendar-src.js  (9ms)  (pid 644)
Compiled puffer/right-autocompleter-src.js  (0ms)  (pid 644)
Compiled puffer/paginator.js  (0ms)  (pid 644)
Compiled puffer/rails.js  (0ms)  (pid 644)
Compiled puffer/puffer.js  (0ms)  (pid 644)
Compiled puffer/application.css  (5ms)  (pid 644)
Compiled puffer/reset.css  (0ms)  (pid 644)
Compiled puffer/right.css  (0ms)  (pid 644)
Compiled puffer/paginator.css  (1ms)  (pid 644)
Compiled puffer/puffer.css  (0ms)  (pid 644)
Compiled puffer/puffer_tree.css  (0ms)  (pid 644)
Compiled application.js  (9ms)  (pid 4180)
Compiled jquery.js  (9ms)  (pid 4180)
Compiled jquery_ujs.js  (0ms)  (pid 4180)
Compiled jquery.ba-hashchange.min.js  (0ms)  (pid 4180)
Compiled jquery-ui.custom.min.js  (0ms)  (pid 4180)
Compiled scribd.js  (0ms)  (pid 4180)
Compiled form.js  (0ms)  (pid 4180)
Compiled application.css  (13ms)  (pid 4180)
Compiled formtastic.css  (0ms)  (pid 4180)
Compiled assignments.css  (61ms)  (pid 4180)
Compiled form.css  (4ms)  (pid 4180)
Compiled grades.css  (33ms)  (pid 4180)
Compiled jquery-ui-1.8.16.custom.css  (2ms)  (pid 4180)
Compiled puffer/application.js  (6ms)  (pid 4180)
Compiled puffer/right-src.js  (6ms)  (pid 4180)
Compiled puffer/right-dialog-src.js  (0ms)  (pid 4180)
Compiled puffer/right-slider-src.js  (1ms)  (pid 4180)
Compiled puffer/right-calendar-src.js  (2ms)  (pid 4180)
Compiled puffer/right-autocompleter-src.js  (37ms)  (pid 4180)
Compiled puffer/paginator.js  (0ms)  (pid 4180)
Compiled puffer/rails.js  (0ms)  (pid 4180)
Compiled puffer/puffer.js  (0ms)  (pid 4180)
Compiled puffer/application.css  (9ms)  (pid 4180)
Compiled puffer/reset.css  (0ms)  (pid 4180)
Compiled puffer/right.css  (0ms)  (pid 4180)
Compiled puffer/paginator.css  (0ms)  (pid 4180)
Compiled puffer/puffer.css  (0ms)  (pid 4180)
Compiled puffer/puffer_tree.css  (0ms)  (pid 4180)
Compiled application.js  (6ms)  (pid 5472)
Compiled jquery.js  (10ms)  (pid 5472)
Compiled jquery_ujs.js  (0ms)  (pid 5472)
Compiled jquery.ba-hashchange.min.js  (0ms)  (pid 5472)
Compiled jquery-ui.custom.min.js  (2ms)  (pid 5472)
Compiled scribd.js  (2ms)  (pid 5472)
Compiled form.js  (0ms)  (pid 5472)
Compiled application.css  (12ms)  (pid 5472)
Compiled formtastic.css  (35ms)  (pid 5472)
Compiled assignments.css  (61ms)  (pid 5472)
Compiled form.css  (4ms)  (pid 5472)
Compiled grades.css  (33ms)  (pid 5472)
Compiled jquery-ui-1.8.16.custom.css  (0ms)  (pid 5472)
Compiled puffer/application.js  (6ms)  (pid 5472)
Compiled puffer/right-src.js  (6ms)  (pid 5472)
Compiled puffer/right-dialog-src.js  (0ms)  (pid 5472)
Compiled puffer/right-slider-src.js  (0ms)  (pid 5472)
Compiled puffer/right-calendar-src.js  (1ms)  (pid 5472)
Compiled puffer/right-autocompleter-src.js  (1ms)  (pid 5472)
Compiled puffer/paginator.js  (1ms)  (pid 5472)
Compiled puffer/rails.js  (0ms)  (pid 5472)
Compiled puffer/puffer.js  (0ms)  (pid 5472)
Compiled puffer/application.css  (4ms)  (pid 5472)
Compiled puffer/reset.css  (0ms)  (pid 5472)
Compiled puffer/right.css  (0ms)  (pid 5472)
Compiled puffer/paginator.css  (0ms)  (pid 5472)
Compiled puffer/puffer.css  (0ms)  (pid 5472)
Compiled puffer/puffer_tree.css  (0ms)  (pid 5472)
Compiled application.js  (6ms)  (pid 2508)
Compiled jquery.js  (10ms)  (pid 2508)
Compiled jquery_ujs.js  (0ms)  (pid 2508)
Compiled jquery.ba-hashchange.min.js  (0ms)  (pid 2508)
Compiled jquery-ui.custom.min.js  (0ms)  (pid 2508)
Compiled scribd.js  (1ms)  (pid 2508)
Compiled form.js  (0ms)  (pid 2508)
Compiled application.css  (12ms)  (pid 2508)
Compiled formtastic.css  (0ms)  (pid 2508)
Compiled assignments.css  (95ms)  (pid 2508)
Compiled form.css  (4ms)  (pid 2508)
Compiled grades.css  (31ms)  (pid 2508)
Compiled jquery-ui-1.8.16.custom.css  (1ms)  (pid 2508)
Compiled puffer/application.js  (7ms)  (pid 2508)
Compiled puffer/right-src.js  (47ms)  (pid 2508)
Compiled puffer/right-dialog-src.js  (2ms)  (pid 2508)
Compiled puffer/right-slider-src.js  (0ms)  (pid 2508)
Compiled puffer/right-calendar-src.js  (2ms)  (pid 2508)
Compiled puffer/right-autocompleter-src.js  (0ms)  (pid 2508)
Compiled puffer/paginator.js  (0ms)  (pid 2508)
Compiled puffer/rails.js  (0ms)  (pid 2508)
Compiled puffer/puffer.js  (1ms)  (pid 2508)
Compiled puffer/application.css  (3ms)  (pid 2508)
Compiled puffer/reset.css  (1ms)  (pid 2508)
Compiled puffer/right.css  (0ms)  (pid 2508)
Compiled puffer/paginator.css  (0ms)  (pid 2508)
Compiled puffer/puffer.css  (0ms)  (pid 2508)
Compiled puffer/puffer_tree.css  (0ms)  (pid 2508)
Compiled application.js  (6ms)  (pid 6400)
Compiled jquery.js  (10ms)  (pid 6400)
Compiled jquery_ujs.js  (0ms)  (pid 6400)
Compiled jquery.ba-hashchange.min.js  (0ms)  (pid 6400)
Compiled jquery-ui.custom.min.js  (2ms)  (pid 6400)
Compiled scribd.js  (2ms)  (pid 6400)
Compiled form.js  (0ms)  (pid 6400)
Compiled application.css  (12ms)  (pid 6400)
Compiled formtastic.css  (38ms)  (pid 6400)
Compiled assignments.css  (80ms)  (pid 6400)
Compiled form.css  (6ms)  (pid 6400)
Compiled grades.css  (39ms)  (pid 6400)
Compiled jquery-ui-1.8.16.custom.css  (0ms)  (pid 6400)
Compiled application.js  (6ms)  (pid 7156)
Compiled jquery.js  (30ms)  (pid 7156)
Compiled jquery_ujs.js  (3ms)  (pid 7156)
Compiled jquery.ba-hashchange.min.js  (0ms)  (pid 7156)
Compiled jquery-ui.custom.min.js  (2ms)  (pid 7156)
Compiled scribd.js  (0ms)  (pid 7156)
Compiled form.js  (0ms)  (pid 7156)
Compiled application.css  (15ms)  (pid 7156)
Compiled formtastic.css  (0ms)  (pid 7156)
Compiled assignments.css  (61ms)  (pid 7156)
Compiled form.css  (5ms)  (pid 7156)
Compiled grades.css  (33ms)  (pid 7156)
Compiled jquery-ui-1.8.16.custom.css  (0ms)  (pid 7156)
Compiled application.js  (5ms)  (pid 6516)
Compiled jquery.js  (9ms)  (pid 6516)
Compiled jquery_ujs.js  (1ms)  (pid 6516)
Compiled jquery.ba-hashchange.min.js  (0ms)  (pid 6516)
Compiled jquery-ui.custom.min.js  (0ms)  (pid 6516)
Compiled scribd.js  (0ms)  (pid 6516)
Compiled form.js  (0ms)  (pid 6516)
Compiled grades.js  (0ms)  (pid 6516)
Compiled show.js  (0ms)  (pid 6516)
Compiled application.css  (12ms)  (pid 6516)
Compiled formtastic.css  (1ms)  (pid 6516)
Compiled assignments.css  (60ms)  (pid 6516)
Compiled form.css  (5ms)  (pid 6516)
Compiled grades.css  (30ms)  (pid 6516)
Compiled jquery-ui-1.8.16.custom.css  (1ms)  (pid 6516)
Compiled application.js  (6ms)  (pid 2984)
Compiled jquery.js  (8ms)  (pid 2984)
Compiled jquery_ujs.js  (0ms)  (pid 2984)
Compiled jquery.ba-hashchange.min.js  (0ms)  (pid 2984)
Compiled jquery-ui.custom.min.js  (2ms)  (pid 2984)
Compiled scribd.js  (1ms)  (pid 2984)
Compiled form.js  (0ms)  (pid 2984)
Compiled grades.js  (1ms)  (pid 2984)
Compiled show.js  (0ms)  (pid 2984)
Compiled application.css  (12ms)  (pid 2984)
Compiled formtastic.css  (0ms)  (pid 2984)
Compiled assignments.css  (59ms)  (pid 2984)
Compiled form.css  (4ms)  (pid 2984)
Compiled grades.css  (30ms)  (pid 2984)
Compiled jquery-ui-1.8.16.custom.css  (0ms)  (pid 2984)
Compiled application.js  (5ms)  (pid 4480)
Compiled jquery.js  (9ms)  (pid 4480)
Compiled jquery_ujs.js  (0ms)  (pid 4480)
Compiled jquery.ba-hashchange.min.js  (0ms)  (pid 4480)
Compiled jquery-ui.custom.min.js  (0ms)  (pid 4480)
Compiled scribd.js  (3ms)  (pid 4480)
Compiled form.js  (0ms)  (pid 4480)
Compiled assignments.js  (334ms)  (pid 4480)
Compiled grades.js  (0ms)  (pid 4480)
Compiled show.js  (1ms)  (pid 4480)
Compiled application.css  (12ms)  (pid 4480)
Compiled formtastic.css  (0ms)  (pid 4480)
Compiled assignments.css  (58ms)  (pid 4480)
Compiled form.css  (5ms)  (pid 4480)
Compiled grades.css  (32ms)  (pid 4480)
Compiled jquery-ui-1.8.16.custom.css  (1ms)  (pid 4480)
Compiled application.js  (6ms)  (pid 4256)
Compiled jquery.js  (9ms)  (pid 4256)
Compiled jquery_ujs.js  (0ms)  (pid 4256)
Compiled jquery.ba-hashchange.min.js  (0ms)  (pid 4256)
Compiled jquery-ui.custom.min.js  (0ms)  (pid 4256)
Compiled scribd.js  (2ms)  (pid 4256)
Compiled form.js  (0ms)  (pid 4256)
Compiled assignments.js  (353ms)  (pid 4256)
Compiled grades.js  (0ms)  (pid 4256)
Compiled show.js  (1ms)  (pid 4256)
Compiled application.css  (12ms)  (pid 4256)
Compiled formtastic.css  (0ms)  (pid 4256)
Compiled assignments.css  (59ms)  (pid 4256)
Compiled form.css  (5ms)  (pid 4256)
Compiled grades.css  (32ms)  (pid 4256)
Compiled jquery-ui-1.8.16.custom.css  (2ms)  (pid 4256)
Compiled application.js  (0ms)  (pid 4364)
Compiled jquery.js  (15ms)  (pid 4364)
Compiled jquery_ujs.js  (0ms)  (pid 4364)
Compiled jquery.ba-hashchange.min.js  (0ms)  (pid 4364)
Compiled jquery-ui.custom.min.js  (0ms)  (pid 4364)
Compiled scribd.js  (0ms)  (pid 4364)
Compiled form.js  (0ms)  (pid 4364)
Compiled assignments.js  (608ms)  (pid 4364)
Compiled grades.js  (0ms)  (pid 4364)
Compiled show.js  (31ms)  (pid 4364)
Compiled application.css  (15ms)  (pid 4364)
Compiled formtastic.css  (0ms)  (pid 4364)
Compiled assignments.css  (62ms)  (pid 4364)
Compiled form.css  (0ms)  (pid 4364)
Compiled grades.css  (31ms)  (pid 4364)
Compiled jquery-ui-1.8.16.custom.css  (0ms)  (pid 4364)
Compiled puffer/application.js  (15ms)  (pid 4364)
Compiled puffer/right-src.js  (0ms)  (pid 4364)
Compiled puffer/right-dialog-src.js  (0ms)  (pid 4364)
Compiled puffer/right-slider-src.js  (0ms)  (pid 4364)
Compiled puffer/right-calendar-src.js  (0ms)  (pid 4364)
Compiled puffer/right-autocompleter-src.js  (0ms)  (pid 4364)
Compiled puffer/paginator.js  (0ms)  (pid 4364)
Compiled puffer/rails.js  (0ms)  (pid 4364)
Compiled puffer/puffer.js  (0ms)  (pid 4364)
Compiled puffer/application.css  (15ms)  (pid 4364)
Compiled puffer/reset.css  (0ms)  (pid 4364)
Compiled puffer/right.css  (0ms)  (pid 4364)
Compiled puffer/paginator.css  (0ms)  (pid 4364)
Compiled puffer/puffer.css  (0ms)  (pid 4364)
Compiled puffer/puffer_tree.css  (0ms)  (pid 4364)
Compiled application.js  (23ms)  (pid 3612)
Compiled jquery.js  (19ms)  (pid 3612)
Compiled jquery_ujs.js  (2ms)  (pid 3612)
Compiled jquery.ba-hashchange.min.js  (7ms)  (pid 3612)
Compiled jquery-ui.custom.min.js  (17ms)  (pid 3612)
Compiled scribd.js  (16ms)  (pid 3612)
Compiled form.js  (22ms)  (pid 3612)
Compiled assignments.js  (506ms)  (pid 3612)
Compiled grades.js  (19ms)  (pid 3612)
Compiled show.js  (4ms)  (pid 3612)
Compiled application.css  (28ms)  (pid 3612)
Compiled formtastic.css  (15ms)  (pid 3612)
Compiled assignments.css  (78ms)  (pid 3612)
Compiled form.css  (31ms)  (pid 3612)
Compiled grades.css  (46ms)  (pid 3612)
Compiled jquery-ui-1.8.16.custom.css  (15ms)  (pid 3612)
Compiled puffer/application.js  (9ms)  (pid 3612)
Compiled puffer/right-src.js  (32ms)  (pid 3612)
Compiled puffer/right-dialog-src.js  (13ms)  (pid 3612)
Compiled puffer/right-slider-src.js  (11ms)  (pid 3612)
Compiled puffer/right-calendar-src.js  (20ms)  (pid 3612)
Compiled puffer/right-autocompleter-src.js  (50ms)  (pid 3612)
Compiled puffer/paginator.js  (10ms)  (pid 3612)
Compiled puffer/rails.js  (2ms)  (pid 3612)
Compiled puffer/puffer.js  (2ms)  (pid 3612)
Compiled puffer/application.css  (4ms)  (pid 3612)
Compiled puffer/reset.css  (9ms)  (pid 3612)
Compiled puffer/right.css  (0ms)  (pid 3612)
Compiled puffer/paginator.css  (0ms)  (pid 3612)
Compiled puffer/puffer.css  (12ms)  (pid 3612)
Compiled puffer/puffer_tree.css  (12ms)  (pid 3612)
Compiled application.js  (4ms)  (pid 5545)
Compiled jquery.js  (44ms)  (pid 5545)
Compiled jquery_ujs.js  (0ms)  (pid 5545)
Compiled jquery.ba-hashchange.min.js  (0ms)  (pid 5545)
Compiled jquery-ui.custom.min.js  (1ms)  (pid 5545)
Compiled scribd.js  (1ms)  (pid 5545)
Compiled form.js  (0ms)  (pid 5545)
Compiled assignments.js  (283ms)  (pid 5545)
Compiled courses.js  (273ms)  (pid 5545)
Compiled egp.js  (1ms)  (pid 5545)
Compiled grade_assignment.js  (1ms)  (pid 5545)
Compiled grades.js  (1ms)  (pid 5545)
Compiled show.js  (1ms)  (pid 5545)
Compiled application.css  (13ms)  (pid 5545)
Compiled formtastic.css  (0ms)  (pid 5545)
Compiled assignments.css  (146ms)  (pid 5545)
Compiled courses.css  (34ms)  (pid 5545)
Compiled form.css  (9ms)  (pid 5545)
Compiled grades.css  (43ms)  (pid 5545)
Compiled jquery-ui-1.8.16.custom.css  (1ms)  (pid 5545)
Compiled application.js  (52ms)  (pid 5519)
Compiled jquery.js  (45ms)  (pid 5519)
Compiled jquery_ujs.js  (211ms)  (pid 5519)
Compiled jquery.ba-hashchange.min.js  (3ms)  (pid 5519)
Compiled jquery-ui.custom.min.js  (58ms)  (pid 5519)
Compiled scribd.js  (14ms)  (pid 5519)
Compiled form.js  (0ms)  (pid 5519)
Compiled assignments.js  (369ms)  (pid 5519)
Compiled courses.js  (293ms)  (pid 5519)
Compiled egp.js  (19ms)  (pid 5519)
Compiled grade_assignment.js  (34ms)  (pid 5519)
Compiled grades.js  (12ms)  (pid 5519)
Compiled show.js  (28ms)  (pid 5519)
Compiled application.css  (47ms)  (pid 5519)
Compiled formtastic.css  (12ms)  (pid 5519)
Compiled assignments.css  (146ms)  (pid 5519)
Compiled courses.css  (49ms)  (pid 5519)
Compiled form.css  (40ms)  (pid 5519)
Compiled grades.css  (75ms)  (pid 5519)
Compiled jquery-ui-1.8.16.custom.css  (41ms)  (pid 5519)
Compiled application.js  (4ms)  (pid 26253)
Compiled jquery.js  (1ms)  (pid 26253)
Compiled jquery_ujs.js  (0ms)  (pid 26253)
Compiled jquery.ba-hashchange.min.js  (0ms)  (pid 26253)
Compiled jquery-ui.custom.min.js  (32ms)  (pid 26253)
Compiled scribd.js  (0ms)  (pid 26253)
Compiled form.js  (0ms)  (pid 26253)
Compiled assignments.js  (73ms)  (pid 26253)
Compiled courses.js  (2ms)  (pid 26253)
Compiled egp.js  (0ms)  (pid 26253)
Compiled grade_assignment.js  (0ms)  (pid 26253)
Compiled grades.js  (0ms)  (pid 26253)
Compiled show.js  (0ms)  (pid 26253)
Compiled application.css  (13ms)  (pid 26253)
Compiled formtastic.css  (0ms)  (pid 26253)
Compiled assignments.css  (146ms)  (pid 26253)
Compiled courses.css  (39ms)  (pid 26253)
Compiled form.css  (10ms)  (pid 26253)
Compiled grades.css  (41ms)  (pid 26253)
Compiled jquery-ui-1.8.16.custom.css  (0ms)  (pid 26253)
Compiled application.js  (23ms)  (pid 26233)
Compiled jquery.js  (2ms)  (pid 26233)
Compiled jquery_ujs.js  (4ms)  (pid 26233)
Compiled jquery.ba-hashchange.min.js  (0ms)  (pid 26233)
Compiled jquery-ui.custom.min.js  (0ms)  (pid 26233)
Compiled scribd.js  (0ms)  (pid 26233)
Compiled form.js  (0ms)  (pid 26233)
Compiled assignments.js  (366ms)  (pid 26233)
Compiled courses.js  (2ms)  (pid 26233)
Compiled egp.js  (0ms)  (pid 26233)
Compiled grade_assignment.js  (0ms)  (pid 26233)
Compiled grades.js  (0ms)  (pid 26233)
Compiled show.js  (0ms)  (pid 26233)
Compiled application.css  (12ms)  (pid 26233)
Compiled formtastic.css  (26ms)  (pid 26233)
Compiled assignments.css  (193ms)  (pid 26233)
Compiled courses.css  (48ms)  (pid 26233)
Compiled form.css  (10ms)  (pid 26233)
Compiled grades.css  (45ms)  (pid 26233)
Compiled jquery-ui-1.8.16.custom.css  (0ms)  (pid 26233)
Compiled application.js  (4ms)  (pid 26956)
Compiled jquery.js  (1ms)  (pid 26956)
Compiled jquery_ujs.js  (0ms)  (pid 26956)
Compiled jquery.ba-hashchange.min.js  (0ms)  (pid 26956)
Compiled jquery-ui.custom.min.js  (47ms)  (pid 26956)
Compiled scribd.js  (0ms)  (pid 26956)
Compiled form.js  (0ms)  (pid 26956)
Compiled assignments.js  (71ms)  (pid 26956)
Compiled courses.js  (2ms)  (pid 26956)
Compiled egp.js  (0ms)  (pid 26956)
Compiled grade_assignment.js  (0ms)  (pid 26956)
Compiled grades.js  (0ms)  (pid 26956)
Compiled show.js  (0ms)  (pid 26956)
Compiled application.css  (11ms)  (pid 26956)
Compiled formtastic.css  (0ms)  (pid 26956)
Compiled assignments.css  (177ms)  (pid 26956)
Compiled courses.css  (34ms)  (pid 26956)
Compiled form.css  (7ms)  (pid 26956)
Compiled grades.css  (39ms)  (pid 26956)
Compiled jquery-ui-1.8.16.custom.css  (0ms)  (pid 26956)
Compiled application.js  (4ms)  (pid 26937)
Compiled jquery.js  (1ms)  (pid 26937)
Compiled jquery_ujs.js  (0ms)  (pid 26937)
Compiled jquery.ba-hashchange.min.js  (0ms)  (pid 26937)
Compiled jquery-ui.custom.min.js  (28ms)  (pid 26937)
Compiled scribd.js  (0ms)  (pid 26937)
Compiled form.js  (0ms)  (pid 26937)
Compiled assignments.js  (100ms)  (pid 26937)
Compiled courses.js  (3ms)  (pid 26937)
Compiled egp.js  (0ms)  (pid 26937)
Compiled grade_assignment.js  (0ms)  (pid 26937)
Compiled grades.js  (0ms)  (pid 26937)
Compiled show.js  (0ms)  (pid 26937)
Compiled application.css  (11ms)  (pid 26937)
Compiled formtastic.css  (0ms)  (pid 26937)
Compiled assignments.css  (214ms)  (pid 26937)
Compiled courses.css  (55ms)  (pid 26937)
Compiled form.css  (7ms)  (pid 26937)
Compiled grades.css  (46ms)  (pid 26937)
Compiled jquery-ui-1.8.16.custom.css  (0ms)  (pid 26937)
[paperclip] Saving attachments.
[paperclip] Saving attachments.
[paperclip] Saving attachments.
[paperclip] Saving attachments.
Compiled application.js  (8ms)  (pid 16654)
Compiled jquery.js  (2ms)  (pid 16654)
Compiled jquery_ujs.js  (1ms)  (pid 16654)
Compiled jquery.ba-hashchange.min.js  (0ms)  (pid 16654)
Compiled jquery-ui.custom.min.js  (42ms)  (pid 16654)
Compiled scribd.js  (0ms)  (pid 16654)
Compiled form.js  (0ms)  (pid 16654)
Compiled assignments.js  (158ms)  (pid 16654)
Compiled courses.js  (3ms)  (pid 16654)
Compiled egp.js  (0ms)  (pid 16654)
Compiled grade_assignment.js  (0ms)  (pid 16654)
Compiled grades.js  (0ms)  (pid 16654)
Compiled show.js  (0ms)  (pid 16654)
Compiled application.css  (10ms)  (pid 16654)
Compiled formtastic.css  (0ms)  (pid 16654)
Compiled assignments.css  (182ms)  (pid 16654)
Compiled courses.css  (33ms)  (pid 16654)
Compiled form.css  (7ms)  (pid 16654)
Compiled grades.css  (47ms)  (pid 16654)
Compiled jquery-ui-1.8.16.custom.css  (0ms)  (pid 16654)
Compiled application.js  (5ms)  (pid 16634)
Compiled jquery.js  (1ms)  (pid 16634)
Compiled jquery_ujs.js  (0ms)  (pid 16634)
Compiled jquery.ba-hashchange.min.js  (0ms)  (pid 16634)
Compiled jquery-ui.custom.min.js  (0ms)  (pid 16634)
Compiled scribd.js  (0ms)  (pid 16634)
Compiled form.js  (0ms)  (pid 16634)
Compiled assignments.js  (72ms)  (pid 16634)
Compiled courses.js  (1ms)  (pid 16634)
Compiled egp.js  (0ms)  (pid 16634)
Compiled grade_assignment.js  (0ms)  (pid 16634)
Compiled grades.js  (0ms)  (pid 16634)
Compiled show.js  (0ms)  (pid 16634)
Compiled application.css  (10ms)  (pid 16634)
Compiled formtastic.css  (0ms)  (pid 16634)
Compiled assignments.css  (166ms)  (pid 16634)
Compiled courses.css  (36ms)  (pid 16634)
Compiled form.css  (6ms)  (pid 16634)
Compiled grades.css  (45ms)  (pid 16634)
Compiled jquery-ui-1.8.16.custom.css  (0ms)  (pid 16634)
[paperclip] Scheduling attachments for deletion.
[paperclip] Deleting attachments.
[paperclip] Scheduling attachments for deletion.
[paperclip] Deleting attachments.
[paperclip] Scheduling attachments for deletion.
[paperclip] Deleting attachments.
[paperclip] deleting /answers/3/original/About Downloads.pdf
[paperclip] Saving attachments.
[paperclip] Saving attachments.
[paperclip] Saving attachments.
[paperclip] Saving attachments.
[paperclip] Saving attachments.
[paperclip] Saving attachments.
[paperclip] Saving attachments.
[paperclip] Saving attachments.
[paperclip] Saving attachments.
[paperclip] Saving attachments.
[paperclip] Saving attachments.
[paperclip] Saving attachments.
[paperclip] Saving attachments.
[paperclip] Saving attachments.
[paperclip] Scheduling attachments for deletion.
[paperclip] Deleting attachments.
[paperclip] deleting /answers/26/original/Section 11.docx
[paperclip] Scheduling attachments for deletion.
[paperclip] Deleting attachments.
[paperclip] deleting /answers/24/original/biology class policies(1).doc
[paperclip] Scheduling attachments for deletion.
[paperclip] Deleting attachments.
[paperclip] deleting /answers/25/original/67084824-World-War-I-Essay.pdf
[paperclip] Saving attachments.
[paperclip] Saving attachments.
[paperclip] Saving attachments.
[paperclip] Saving attachments.
[paperclip] Saving attachments.
[paperclip] Saving attachments.
[paperclip] Saving attachments.
[paperclip] Saving attachments.
[paperclip] Saving attachments.
[paperclip] Saving attachments.
[paperclip] Saving attachments.
[paperclip] Saving attachments.
[paperclip] Saving attachments.
[paperclip] Saving attachments.
[paperclip] Saving attachments.
[paperclip] Saving attachments.
[paperclip] Scheduling attachments for deletion.
[paperclip] Deleting attachments.
[paperclip] deleting /answers/20/original/Section 11.docx
[paperclip] Scheduling attachments for deletion.
[paperclip] Deleting attachments.
[paperclip] deleting /answers/22/original/1138012.docx
[paperclip] Scheduling attachments for deletion.
[paperclip] Deleting attachments.
[paperclip] deleting /answers/23/original/Section 11.docx
[paperclip] Scheduling attachments for deletion.
[paperclip] Deleting attachments.
[paperclip] deleting /answers/21/original/EF Code First HOL Manual.docx
